<?xml version="1.0" encoding="UTF-8"?>
<!-- Generated by org.testng.reporters.JUnitReportReporter -->
<testsuite hostname="KARTIKR01-PC" name="TestCases.LoginTestCases" tests="4" failures="0" timestamp="20 May 2020 20:06:41 GMT" time="13.153" errors="0">
  <testcase name="verifyMyProfile" time="9.436" classname="TestCases.LoginTestCases"/>
  <testcase name="verifyerrormsg" time="0.902" classname="TestCases.LoginTestCases"/>
  <testcase name="verifyerrormsg" time="0.936" classname="TestCases.LoginTestCases"/>
  <testcase name="loginpage" time="1.879" classname="TestCases.LoginTestCases"/>
</testsuite> <!-- TestCases.LoginTestCases -->
