<?xml version="1.0" encoding="UTF-8"?>
<!-- Generated by org.testng.reporters.JUnitReportReporter -->
<testsuite hostname="KARTIKR01-PC" name="TestCases.BaseClass" tests="1" failures="0" timestamp="14 Apr 2020 05:24:52 GMT" time="6.989" errors="0">
  <testcase name="launchBrowser" time="6.989" classname="TestCases.BaseClass"/>
</testsuite> <!-- TestCases.BaseClass -->
